** (normative reference RFC2119 is both inline and in YAML header)
** (normative reference RFC8174 is both inline and in YAML header)
** (normative reference RFC8610 is both inline and in YAML header)
** (normative reference RFC8949 is both inline and in YAML header)
** (normative reference IEEE754 is both inline and in YAML header)
** (normative reference IANA-CBOR-TAGS is both inline and in YAML header)
** (informative reference RFC8746 is both inline and in YAML header)
** (informative reference RFC9052 is both inline and in YAML header)
** (informative reference RFC9090 is both inline and in YAML header)
** (informative reference RFC9338 is both inline and in YAML header)
** (informative reference RFC9581 is both inline and in YAML header)
** (informative reference I-D.ietf-cbor-edn-literals is both inline and in YAML header)
** (informative reference I-D.mcnally-deterministic-cbor is both inline and in YAML header)
** (informative reference WASM-NaN is both inline and in YAML header)
** (informative reference JSC-NaNBox is both inline and in YAML header)
** (informative reference CBOR-WG-NaN-Threads is both inline and in YAML header)
*** don't know how to expand ref IEEE754 nil
*** don't know how to expand ref IANA-CBOR-TAGS nil
*** don't know how to expand ref WASM-NaN nil
*** don't know how to expand ref JSC-NaNBox nil
*** don't know how to expand ref CBOR-WG-NaN-Threads nil
*** sections left [nil]!
.refcache/reference.RFC.2119.xml: fetching from https://bib.ietf.org/public/rfc/bibxml/reference.RFC.2119.xml
.refcache/reference.RFC.8174.xml: fetching from https://bib.ietf.org/public/rfc/bibxml/reference.RFC.8174.xml
.refcache/reference.RFC.8610.xml: fetching from https://bib.ietf.org/public/rfc/bibxml/reference.RFC.8610.xml
.refcache/reference.RFC.8949.xml: fetching from https://bib.ietf.org/public/rfc/bibxml/reference.RFC.8949.xml
.refcache/reference.RFC.8746.xml: fetching from https://bib.ietf.org/public/rfc/bibxml/reference.RFC.8746.xml
.refcache/reference.RFC.9052.xml: fetching from https://bib.ietf.org/public/rfc/bibxml/reference.RFC.9052.xml
.refcache/reference.RFC.9090.xml: fetching from https://bib.ietf.org/public/rfc/bibxml/reference.RFC.9090.xml
.refcache/reference.RFC.9338.xml: fetching from https://bib.ietf.org/public/rfc/bibxml/reference.RFC.9338.xml
.refcache/reference.RFC.9581.xml: fetching from https://bib.ietf.org/public/rfc/bibxml/reference.RFC.9581.xml
.refcache/reference.I-D.ietf-cbor-edn-literals.xml: fetching from https://datatracker.ietf.org/doc/bibxml3/draft-ietf-cbor-edn-literals.xml
.refcache/reference.I-D.mcnally-deterministic-cbor.xml: fetching from https://datatracker.ietf.org/doc/bibxml3/draft-mcnally-deterministic-cbor.xml
<?xml version="1.0" encoding="UTF-8"?>
  <?xml-stylesheet type="text/xsl" href="rfc2629.xslt" ?>
  <!-- generated by https://github.com/cabo/kramdown-rfc version 1.7.29 (Ruby 2.6.10) -->


<!DOCTYPE rfc  [
  <!ENTITY nbsp    "&#160;">
  <!ENTITY zwsp   "&#8203;">
  <!ENTITY nbhy   "&#8209;">
  <!ENTITY wj     "&#8288;">

]>


<rfc ipr="trust200902" docName="draft-mcnally-cbor-nan-tag-latest" category="std" consensus="true" tocInclude="true" sortRefs="true" symRefs="true">
  <front>
    <title abbrev="nan-bstr">A CBOR Tag for Lossless Transport of IEEEâ€‘754 NaN Bit Patterns</title>

    <author initials="W." surname="McNally" fullname="Wolf McNally" role="editor">
      <organization>Blockchain Commons</organization>
      <address>
        <email>wolf@wolfmcnally.com</email>
      </address>
    </author>

    <date year="2025" month="October" day="24"/>

    <area>ART</area>
    <workgroup>CBOR</workgroup>
    <keyword>CBOR</keyword> <keyword>IEEE-754</keyword> <keyword>NaN</keyword> <keyword>determinism</keyword> <keyword>interoperability</keyword>

    <abstract>



    </abstract>

    <note title="About This Document" removeInRFC="true">
      <t>
        Status information for this document may be found at <eref target="https://datatracker.ietf.org/doc/draft-mcnally-cbor-nan-tag/"/>.
      </t>
      <t>
        Discussion of this document takes place on the
        CBOR Working Group mailing list (<eref target="mailto:cbor@ietf.org"/>),
        which is archived at <eref target="https://mailarchive.ietf.org/arch/browse/cbor/"/>.
        Subscribe at <eref target="https://www.ietf.org/mailman/listinfo/cbor/"/>.
      </t>
      <t>Source for this draft and an issue tracker can be found at
        <eref target="https://github.com/https://github.com/cbor-wg"/>.</t>
    </note>


  </front>

  <middle>




  </middle>

  <back>


<references title='References' anchor="sec-combined-references">

    <references title='Normative References' anchor="sec-normative-references">



<reference anchor="RFC2119">
  <front>
    <title>Key words for use in RFCs to Indicate Requirement Levels</title>
    <author fullname="S. Bradner" initials="S." surname="Bradner"/>
    <date month="March" year="1997"/>
    <abstract>
      <t>In many standards track documents several words are used to signify the requirements in the specification. These words are often capitalized. This document defines these words as they should be interpreted in IETF documents. This document specifies an Internet Best Current Practices for the Internet Community, and requests discussion and suggestions for improvements.</t>
    </abstract>
  </front>
  <seriesInfo name="BCP" value="14"/>
  <seriesInfo name="RFC" value="2119"/>
  <seriesInfo name="DOI" value="10.17487/RFC2119"/>
</reference>

<reference anchor="RFC8174">
  <front>
    <title>Ambiguity of Uppercase vs Lowercase in RFC 2119 Key Words</title>
    <author fullname="B. Leiba" initials="B." surname="Leiba"/>
    <date month="May" year="2017"/>
    <abstract>
      <t>RFC 2119 specifies common key words that may be used in protocol specifications. This document aims to reduce the ambiguity by clarifying that only UPPERCASE usage of the key words have the defined special meanings.</t>
    </abstract>
  </front>
  <seriesInfo name="BCP" value="14"/>
  <seriesInfo name="RFC" value="8174"/>
  <seriesInfo name="DOI" value="10.17487/RFC8174"/>
</reference>

<reference anchor="RFC8610">
  <front>
    <title>Concise Data Definition Language (CDDL): A Notational Convention to Express Concise Binary Object Representation (CBOR) and JSON Data Structures</title>
    <author fullname="H. Birkholz" initials="H." surname="Birkholz"/>
    <author fullname="C. Vigano" initials="C." surname="Vigano"/>
    <author fullname="C. Bormann" initials="C." surname="Bormann"/>
    <date month="June" year="2019"/>
    <abstract>
      <t>This document proposes a notational convention to express Concise Binary Object Representation (CBOR) data structures (RFC 7049). Its main goal is to provide an easy and unambiguous way to express structures for protocol messages and data formats that use CBOR or JSON.</t>
    </abstract>
  </front>
  <seriesInfo name="RFC" value="8610"/>
  <seriesInfo name="DOI" value="10.17487/RFC8610"/>
</reference>

<reference anchor="RFC8949">
  <front>
    <title>Concise Binary Object Representation (CBOR)</title>
    <author fullname="C. Bormann" initials="C." surname="Bormann"/>
    <author fullname="P. Hoffman" initials="P." surname="Hoffman"/>
    <date month="December" year="2020"/>
    <abstract>
      <t>The Concise Binary Object Representation (CBOR) is a data format whose design goals include the possibility of extremely small code size, fairly small message size, and extensibility without the need for version negotiation. These design goals make it different from earlier binary serializations such as ASN.1 and MessagePack.</t>
      <t>This document obsoletes RFC 7049, providing editorial improvements, new details, and errata fixes while keeping full compatibility with the interchange format of RFC 7049. It does not create a new version of the format.</t>
    </abstract>
  </front>
  <seriesInfo name="STD" value="94"/>
  <seriesInfo name="RFC" value="8949"/>
  <seriesInfo name="DOI" value="10.17487/RFC8949"/>
</reference>




    </references>

    <references title='Informative References' anchor="sec-informative-references">



<reference anchor="RFC8746">
  <front>
    <title>Concise Binary Object Representation (CBOR) Tags for Typed Arrays</title>
    <author fullname="C. Bormann" initials="C." role="editor" surname="Bormann"/>
    <date month="February" year="2020"/>
    <abstract>
      <t>The Concise Binary Object Representation (CBOR), as defined in RFC 7049, is a data format whose design goals include the possibility of extremely small code size, fairly small message size, and extensibility without the need for version negotiation.</t>
      <t>This document makes use of this extensibility to define a number of CBOR tags for typed arrays of numeric data, as well as additional tags for multi-dimensional and homogeneous arrays. It is intended as the reference document for the IANA registration of the CBOR tags defined.</t>
    </abstract>
  </front>
  <seriesInfo name="RFC" value="8746"/>
  <seriesInfo name="DOI" value="10.17487/RFC8746"/>
</reference>

<reference anchor="RFC9052">
  <front>
    <title>CBOR Object Signing and Encryption (COSE): Structures and Process</title>
    <author fullname="J. Schaad" initials="J." surname="Schaad"/>
    <date month="August" year="2022"/>
    <abstract>
      <t>Concise Binary Object Representation (CBOR) is a data format designed for small code size and small message size. There is a need to be able to define basic security services for this data format. This document defines the CBOR Object Signing and Encryption (COSE) protocol. This specification describes how to create and process signatures, message authentication codes, and encryption using CBOR for serialization. This specification additionally describes how to represent cryptographic keys using CBOR.</t>
      <t>This document, along with RFC 9053, obsoletes RFC 8152.</t>
    </abstract>
  </front>
  <seriesInfo name="STD" value="96"/>
  <seriesInfo name="RFC" value="9052"/>
  <seriesInfo name="DOI" value="10.17487/RFC9052"/>
</reference>

<reference anchor="RFC9090">
  <front>
    <title>Concise Binary Object Representation (CBOR) Tags for Object Identifiers</title>
    <author fullname="C. Bormann" initials="C." surname="Bormann"/>
    <date month="July" year="2021"/>
    <abstract>
      <t>The Concise Binary Object Representation (CBOR), defined in RFC 8949, is a data format whose design goals include the possibility of extremely small code size, fairly small message size, and extensibility without the need for version negotiation.</t>
      <t>This document defines CBOR tags for object identifiers (OIDs) and is the reference document for the IANA registration of the CBOR tags so defined.</t>
    </abstract>
  </front>
  <seriesInfo name="RFC" value="9090"/>
  <seriesInfo name="DOI" value="10.17487/RFC9090"/>
</reference>

<reference anchor="RFC9338">
  <front>
    <title>CBOR Object Signing and Encryption (COSE): Countersignatures</title>
    <author fullname="J. Schaad" initials="J." surname="Schaad"/>
    <date month="December" year="2022"/>
    <abstract>
      <t>Concise Binary Object Representation (CBOR) is a data format designed for small code size and small message size. CBOR Object Signing and Encryption (COSE) defines a set of security services for CBOR. This document defines a countersignature algorithm along with the needed header parameters and CBOR tags for COSE. This document updates RFC 9052.</t>
    </abstract>
  </front>
  <seriesInfo name="STD" value="96"/>
  <seriesInfo name="RFC" value="9338"/>
  <seriesInfo name="DOI" value="10.17487/RFC9338"/>
</reference>

<reference anchor="RFC9581">
  <front>
    <title>Concise Binary Object Representation (CBOR) Tags for Time, Duration, and Period</title>
    <author fullname="C. Bormann" initials="C." surname="Bormann"/>
    <author fullname="B. Gamari" initials="B." surname="Gamari"/>
    <author fullname="H. Birkholz" initials="H." surname="Birkholz"/>
    <date month="August" year="2024"/>
    <abstract>
      <t>The Concise Binary Object Representation (CBOR, RFC 8949) is a data format whose design goals include the possibility of extremely small code size, fairly small message size, and extensibility without the need for version negotiation.</t>
      <t>In CBOR, one point of extensibility is the definition of CBOR tags. RFC 8949 defines two tags for time: CBOR tag 0 (RFC 3339 time as a string) and tag 1 (POSIX time as int or float). Since then, additional requirements have become known. The present document defines a CBOR tag for time that allows a more elaborate representation of time, as well as related CBOR tags for duration and time period. This document is intended as the reference document for the IANA registration of the CBOR tags defined.</t>
    </abstract>
  </front>
  <seriesInfo name="RFC" value="9581"/>
  <seriesInfo name="DOI" value="10.17487/RFC9581"/>
</reference>


<reference anchor="I-D.ietf-cbor-edn-literals">
   <front>
      <title>CBOR Extended Diagnostic Notation (EDN)</title>
      <author fullname="Carsten Bormann" initials="C." surname="Bormann">
         <organization>UniversitÃ¤t Bremen TZI</organization>
      </author>
      <date day="16" month="October" year="2025"/>
      <abstract>
	 <t>   This document formalizes and consolidates the definition of the
   Extended Diagnostic Notation (EDN) of the Concise Binary Object
   Representation (CBOR), addressing implementer experience.

   Replacing EDN&#x27;s previous informal descriptions, it updates RFC 8949,
   obsoleting its Section 8, and RFC 8610, obsoleting its Appendix G.

   It also specifies and uses registry-based extension points, using one
   to support text representations of epoch-based dates/times and of IP
   addresses and prefixes.


   // (This cref will be removed by the RFC editor:) The present -19
   // includes the definition of the cri&#x27;&#x27; application- extension. cri&#x27;&#x27;
   // was previously defined in draft-ietf-core-href; however the latter
   // document overtook the present document in the approval process.
   // As the definition of cri&#x27;&#x27; is dependent on the present document
   // (and conversely has essentially no dependency on the technical
   // content of draft-ietf-core-href beyond its mere existence), the
   // text (including IANA considerations) has been moved here. -19 is
   // intended for use at the CBOR WG meeting at IETF 124.

	 </t>
      </abstract>
   </front>
   <seriesInfo name="Internet-Draft" value="draft-ietf-cbor-edn-literals-19"/>
   
</reference>


<reference anchor="I-D.mcnally-deterministic-cbor">
   <front>
      <title>dCBOR: A Deterministic CBOR Application Profile</title>
      <author fullname="Wolf McNally" initials="W." surname="McNally">
         <organization>Blockchain Commons</organization>
      </author>
      <author fullname="Christopher Allen" initials="C." surname="Allen">
         <organization>Blockchain Commons</organization>
      </author>
      <author fullname="Carsten Bormann" initials="C." surname="Bormann">
         <organization>UniversitÃ¤t Bremen TZI</organization>
      </author>
      <author fullname="Laurence Lundblade" initials="L." surname="Lundblade">
         <organization>Security Theory LLC</organization>
      </author>
      <date day="10" month="August" year="2025"/>
      <abstract>
	 <t>   The purpose of determinism is to ensure that semantically equivalent
   data items are encoded into identical byte streams.  CBOR (RFC 8949)
   defines &quot;Deterministically Encoded CBOR&quot; in its Section 4.2, but
   leaves some important choices up to the application developer.  The
   CBOR Common Deterministic Encoding (CDE) Internet Draft builds on
   this by specifying a baseline for application profiles that wish to
   implement deterministic encoding with CBOR.  The present document
   provides an application profile &quot;dCBOR&quot; that can be used to help
   achieve interoperable deterministic encoding based on CDE for a
   variety of applications wishing an even narrower and clearly defined
   set of choices.

	 </t>
      </abstract>
   </front>
   <seriesInfo name="Internet-Draft" value="draft-mcnally-deterministic-cbor-13"/>
   
</reference>




    </references>

</references>



  </back>

<!-- ##markdown-source:
H4sIAPg4+2gAA51a224bSZJ9r6/IsR+GFHgTJcsyvTMeWZduD2zZK6nXWCwG
drKYJKtVrKyurBLFNgz4FwaYlwFmgPmW+RR/yZ6IyLpRkre9RrvNumRmZFxO
nIisfr8f5FEem4k6Uscv316oK71Qc5up19a52DinrjKduNRmubJz9er09PTr
l78+fbKvzvW5ehnl6p3Oc5MlLtDTaWZuJirRSX/q8iyY2TDRK0w9y/Q8769w
Fcebfji1WZ9eyvWiH+vcuDwI8c/CZpuJcvksiNJsovKscPl4NHo2Ggc6MxoS
XlwFa5tdLzJbpBMWN7g2G9yaTdT/0GWPBexDvB7J11MzA9lWURK5VU9FCS5s
ajI9jeIo3/wlcLlOZh90bBNIuTEuSCPMlNuwpxx2nJm5w6/Nin78JbgxSWEm
gVJNAZRa6SieKNrVnyKTzwc2W9A7Ub4sphO1zPPUTYZDuR6EdjVkBawXgS7y
pc1owr4SRb238Vy9Cc9JT7itFOaaqJexDa/DpY4SdWxXKwtd0zMjC68x5k/0
P69fWoKfZ5bMamZRbrMgsdlK59ENy39xdjze3X024ddynS1MXgu6Xq8H2Tzs
y0DazRCX9JfGyOjD3af73zuaxvjRB7uj7x6NMX70s/3vlpzGYAg5B3zDjxa3
p3vqkvxAZzP2/LPYQlPJov/OwmPUUQbLrUwehTzMmSwyLkrmVqaRWSeYYqYw
d388YiXdlS4yxtymsc3MgH6yeIiQYmWSfHj49OBgPGYZj86P+uRZ/aujHy5b
oh7bJIycQdQlOtuot9OfTZirC5NmxmESCG0T1aGxXQpjh0eLCIG4eVBbkU40
C6KdixYJieLEPRGbjV+D22W+igPadduNDp/uH3y3MTBGRj8bPRl/72gaU45+
9t1uRGP86L29w+8ejTF+9JPD3e8ejTFk4P7JgHBCcNDMkj6wCJgUu7axCYxP
b3OTzMxMnUR6kVgHJ1TntrT06cl5914ZZhqvZDq8NtmghCTytaEA8f2rD71s
JUzX0IlV+fWWfCfNxyJtZ8a+9/8R6eFFSaz3R5dv+sDzlgDvzfTIObOaxhsV
OVcY9Xh3/2BPff3yN/V+qXPcVPnSqJWFv4rGKLopbYU6sUkU6jj6lR+8uFfk
BmI31hrODIXKkJd0Q1oSo/98eUwCvrS3LRn/rG/0ZZhFaX6MuJeUaW+BLcrc
moyC+d6Vp5ldA2cGUBhUkSwGmcnHA7dxuVkhKi3yGDBjZWdFbD7sDg8//OzC
D5zdEjJkObcb0n1k2g9TXhRrMbC8/4Fk7V8tkVVn93jd+x84p5GYMQwBLfKL
ChqkHQAqm3n13h3QeJ2FSyBFbW664ffG0DJ88csfMGEA38DS49H4SX931B/v
B32wkuCxOiIWocM8CLZoh0chJEIFZqASm6ukWE1N5li4pb6hm8r8UsDysUlC
o8IYEDdQV0uzqcbAsqkGGYiNyi1GbvIl9kw8IYyLGW0feT82t9hEvOnx1HAo
3CNbGh0uFahPFk2L3LDXkV+oaZT3+JcmBQ4hgsnlZqo3yCwzunAyW9aG7nU0
y5eqM2V43z3oKfm1Ny5/Hex3eSH4L/5myAEro8lB2LNxM1qlsVmVEw58WH76
5NPm589dlZLdcqegFct7hEKhNqfmPu1BzyknPqgOHo61i1wtTIK8F6o0syFI
IasJss9NlgGdKCdWwdTbcpBchs0jsEn41aYZfQYER1lS6poSm44xiC1cSofl
Y0vLqSr30L6ulgjuMnlirXmUYHIt+0XC6sG2cWyhfEIV6OwfiAJsjBzq65d/
9tR6abGejyRCCq2mG5gRz2kxVi79IAAxt/DBbeYLI8KgzHxBFfEeAAdr1R4h
rsn2zW6gIx1mYNSyMQMQoX96uIT70UKFM5g91IhaBN21YIWELTQNlky7xxsu
NWE0h0qheeiucjRQ3SpFeO8iN00cLgdBAL9XoMqKuLJTj978dHn1qCf/qvO3
/Pvi9D9/enVxekK/L388ev26+hH4Ny5/fPvT65P6Vz3y+O2bN6fnJzIYd1Xr
VvDozdF/PxKhHr19d/Xq7fnR60ewKNTWtCMpDIE4NcLUobucFOcCQC5AdIoL
jHl5/O7f/9rdV58+/c7z2M+f/QVRTFysl8Z7oU1gfbmEJTeBTlOjM5qFbBXq
NMoBmD1yf7e060RReA+C/3gBlRrVP3jxx4CA6FWSZwDbkJwvCNjJKp9L4B85
6ZlgRMLU4xPiGeGMrKETigHiUaqz0j/DbPkmNeqgK25D0axlg0rPQBuwio6r
0IZG4DSIAmyfsqiKKAu0o3qAjIf4Yv//+uXv9wQzreh4KfFA9q8ywuWWR0/o
KEZ0MiJVcRty3RFvBS9DB7ZDwaZTBBSUvGIsVRSzsWlgRBvrBuqMEKteyoku
MiAt5ZnKzdtw3xOPmRpAfIQJ8LtIdBiaNCcY98BQDpY91OjgZSpBQlZcZ5C8
hI4mBnQILLqMEZKFFXAYdSWWPVQ2zA1AtNpUiRXTiFQOzgZm3cII1M6VAFtQ
UgH+cG88BMRzlmIBGR0guiAQis5khnEQL01pQczJ+biGnAhkMSXGmHC1ThKl
FipGxeIhCvYPrTAJUT89sXf9xefTAbn/m5pBkYNcaPFQ08rLaZGl8NF5QYAb
G6RgJ/6BbFrnWXYwIPPabeUqlgIgyIh2J4FKNDcTKGe89hQQRGw9K4XhKPFF
n48Sk4ilK5dHPiT/eiibkbkJQB5KaHAPxzStTlksGqabRWHuOw2q44xRVcT2
1KVhMFH7gzEE64mlMsPlXcvlOWQBDIj/fKCOFDwFBAoqdqFNIWzlxzk4Wk6O
zC7BwGRT/UthWm6ob2w0c4Kv2C55EaMUzM35vUQrh01HHL/2JmKawEBH4UpU
ptFJwUsrEy41UUGyYZnxtrKhD836VSAd3nSiwpCgXiXGgI6qzm6XNkHpWriy
CwEreLHwyin9wKU65IwBYi6qWOAfATVxGMuCuuelVBKmlPrZh3xOzssOlyNA
IaGgAiAwnKfm9ew/nXFXXdqVqewPTy2IByKLSf8pYkbB8QEjsatLFqqiv0LQ
ikxnhgt55kEcByt9G60IYBs0+7kXvApf4FweQcdTULM5TDzP7KppJWI9yJsa
mQb+ES7Be8STdcvTVgUY/rTJVChmvlkHiir2uuotScy5oUiQtiTBbKUHCobG
NlTHDBaDXqt6m0UuLEAqEUoIBeypoJCqMJWzq6UoyNcG8hPoUjaOfGyRChvs
UJEvJVIhf/pUlo4s8xGHi7PxjZHasLI8GRSuvOJosCC8a6OvDaO+N3UNpLQj
0ChJ9WXgiNcxXBJ613STOjG4+xgh70NL2FjjDRIKkG3zEqXJN1vc9E5yEv5K
d5hnkt8hfHLqjsp7EBCm6TTzkYeZ35iVMKEFB/JZhEpAT8sogBdGihVE69hL
UWUxLLPfvrc37vq02brdSnUziwdclMn0W9JUuDSBcuqXBe+p0NPsCmIZwTVf
7DtvdoIG3peM9Dp9IO89p1Wih0C0zKRNpgSGSya7MfAlJkAJt8l4SZ8/XISc
gEwWXidAcDNbiIMTdi+NH8yOHtoinhHim5ZfRz6h+2KAYo12UnGQOmlWxKyZ
MQfshf+FF0AxN0FwpKQIyUQGcAssT31QJySLrML1gSEZQgF07w5zqq7WWEnQ
moxYcVR2aRTdC6SVyHMXBHlNngRGaUzlvy3Cf68r9zjTAoNoo5yyKq5bVbIQ
blXEeURxRQN9JthiygRcV1txEJWJk5yGNggiRZaFNL4ojwYGqAVsRVD4qCR1
JD7T0BhSP9POZDacU9+CW06RgS3Z6Sjef0XaJMqh2rykg8L+3Cpu0jeZx3aj
qiJ1Ytfe/9VyIPLC8kcV0SELbSSm9aJRzxPomHg+UK/m1ApBHJrwWs11FDvB
jdJb2CeYbZSzVFmX8mCU3JCLeU16P5KuTDIDzJDWTYv6+1KW8XUjXtpuLp6W
BqZp3lU87bLJ06QsY394iMndaUtwihYiOBM4yIq45TDbRI3F3lCAlwpk48ul
NBf+7sqSgfBXkh3DFMo2HxZAQwpcP6wEegkGqqBghxthTPVTb3gOLnK+Wn0N
2kvCsHla+dxHoGe/W7jFnMsXGH5I5WlaztDYt6mo8LYvuNDzlkWwApBCI+/f
gVOKKd9gFsu+2jqDk1hu2/tdSa7ZYnzKFpzcT7/tPGdGQGmRKFTWZiB35GlX
oU6Ka1dkgkV4DW5bwocr2bsUq9ARlRs+GNhdSmrgK5pv8bwaxjtLHc+xhgSm
xE0FaNstwdHt/NlTMxp1G0TRlUzxtxE1eJEzjYIFDiDEUTqIgkstYR0hhPYI
X5l6UtdMZoUobhAYTnDiQ8zPm34UUZUMSMq8f/JYKXdYIomYlq6qhqAvGq6N
QYneLsAkUglkys4vzEsC3KlbKrZbk705m5O6BtJq4bYbc7dTMbK43j2HLsLd
5LTMV1+yfo137e4Dbuzs7I7GOzuD5nxJeYhDbScnvaGISEIYIQOQ/hHTGskM
uUF31Y/iMrITGiYYz92D0e3TUzjIRH3EMp3l7+nq992PGDhFscK++MBQ9rqS
IoxuR/Rnt57n7JhvyFxhV53YYro1V4txyHxkIdrC1rzln13WbJm2gCt5teDZ
2VnrTV64Lta5tO4szW23ytJ6aqnQJP4Ll0sJqqlVP2GdfTw5VAcHan+snp6q
0eij6kDLHSwF+C05CrESr78e66sctK+enqnjEcbR0B7vv3x2qM7O1Jl/1vhv
F+K+KjuLzvi0WQJ4icfuoQ7H3eMBQQgP38/v6ZZ5BihUE9hTU0HdAByJdnAr
zR3XNvPhXgX8mfpKy8wWiyWBKH2VQQcKOt6Ac3FkHJ+cvBbvr8gf3yuz5cHu
iBJk2W3bpgaY4+PHj0H5bYj6g3p8MIAxpM2mBo7gujNWQxQPQ3XY7fLrAZVN
YZFRojgm/gf4EQVAlIqC8AyaWoH8zQhTyLTgdkmLtDAxwc7EWU0cC96DEiX0
ocsD3A9G3epU8WTcSQGmRNij1BvbuaZCGCcAiUKRjFTBUN0zrMwxUC9NqCnB
tnpd9XnPfScBK1iWGsO9tocAWaiMCL3a6Mc8mklroy6bc7Ng7XqM5i8ARNy2
nFUB5eqarUy75NK/ciNmPNwfllWen59LdS7XoH/QMYEQXx9gBltQbUE9IPqI
CMxlY5lPU/UDTiGVLxmY+SM3Zlt8nvvzR+dHW/6hPj2mjxs+BwE/9FnIsHdA
0Iy/jIBWqMZNzBoQk0O9PkC+fvlH+S2Uo7ZJ5r+j4Izb+j6DXL5wdadiRQZi
we/hkM+IQ0LgHZp4UuYF1blsZYyLMltmVAhjgzvqpGz706BGGwBJBU8v69p4
Z2erbi7Zrd4+4erU6Rsc4d23wemh80tfGzWtfm/x1h3s7EDQC+LldBpLgraO
8Og52bEVaJR0DQL9tKQd/tSJwqNk1LUr0U7gmyem/TJVbHj/6N0rj5kge3Pi
qyx777e0m8uW0KrIpSnF1fQdVPALCi6ITzQoUtmVpCPQlI7iyNUl1NlOjaNq
PtTwlP55dfLKDrkoAGD0DrRDx3nNYWU3f6vcrcg0774+a/02T2YWSLBTpQ3S
opAuLnkYfBv7086flfrmY93oFbJ1p75gjKHqw8w4ho+qtghjEKUanVwzQy8/
Skg1wCiMUp34/n/dOKSIa3YZ+fzzDiDPFqZMzb5uq04QyGXWS1t5pO8W3SnA
q6Mn3zsuAVmSZOXhjoud8/JrqdaDndbRZXUph5f1JSfU+pLtKZdV58BfbiGS
r7PmDy7+wn+45Sd44b/Eal0+GzUv9/YOm5dPDnfLy4e/Zmq+8a0SRd6q+7Ry
3Wy8y517Pl3Bo/8FLlWQOcEqAAA=

-->

</rfc>

